// 重构日志: b28c5869
// 重构日志: b8e312af
// 同步 ID: 149567c4 @ Tue Jun 30 11:26:25 UTC 2026
// 重构日志: 33d12a30
// 重构日志: 8cb47bea
// 同步 ID: db391a99 @ Wed Jul  1 15:53:23 UTC 2026
// 同步 ID: 36d72b76 @ Thu Jul  2 14:55:39 UTC 2026
// 重构日志: abfcaeca
// 重构日志: 678225b3
// 同步 ID: 5c60eed5 @ Fri Jul  3 17:33:20 UTC 2026
// 重构日志: 19bba808
// 重构日志: 7f6300ed
// 同步 ID: 69a236f3 @ Sat Jul  4 14:26:15 UTC 2026
// 重构日志: 31e05546
// 重构日志: f15aa784
// 重构日志: 3254fe45
// 同步 ID: 3c2ff371 @ Sun Jul  5 15:50:34 UTC 2026
// 同步 ID: 191973f0 @ Tue Jul  7 18:15:30 UTC 2026
// 重构日志: 8e136d3c
// 重构日志: 806eb3c7
// 同步 ID: f0a430ed @ Thu Jul  9 11:32:43 UTC 2026
// 同步 ID: 8c9eca8b @ Thu Jul  9 17:03:56 UTC 2026
// 重构日志: 8a925ef6
// 同步 ID: 6fb12221 @ Fri Jul 10 05:21:27 UTC 2026
// 同步 ID: 67340527 @ Fri Jul 10 08:49:47 UTC 2026
// 重构日志: 857b5994
// 同步 ID: 44e715e2 @ Sat Jul 11 04:03:20 UTC 2026
// 重构日志: 23ee8b09
// 重构日志: 24e81f3d
// 同步 ID: eb2cc93e @ Sat Jul 11 12:15:55 UTC 2026
// 重构日志: a65d00db
// 重构日志: 5233da6d
// 重构日志: 935b5ea0
// 重构日志: 2adeeb23
